<?xml version="1.0" encoding="UTF-8"?>
<testsuite xmlns:xsi="http://www.w3.org/2001/XMLSchema-instance" xsi:noNamespaceSchemaLocation="https://maven.apache.org/surefire/maven-surefire-plugin/xsd/surefire-test-report.xsd" name="moviedefinition.TestRunner" time="1.161" tests="2" errors="2" skipped="0" failures="0">
  <properties>
[...]
</properties>
  <testcase name="Searching correct terms on google" classname="Google search functionality" time="0.138">
    <error message="The step &apos;browser is open&apos; and 4 other step(s) are undefined.&#10;You can implement these steps using the snippet(s) below:&#10;&#10;@Given(&quot;browser is open&quot;)&#10;public void browserIsOpen() {&#10;    // Write code here that turns the phrase above into concrete actions&#10;    throw new io.cucumber.java.PendingException();&#10;}&#10;@Given(&quot;user is on the google page&quot;)&#10;public void userIsOnTheGooglePage() {&#10;    // Write code here that turns the phrase above into concrete actions&#10;    throw new io.cucumber.java.PendingException();&#10;}&#10;@When(&quot;user enters a correct {string} in google search box&quot;)&#10;public void userEntersACorrectInGoogleSearchBox(String string) {&#10;    // Write code here that turns the phrase above into concrete actions&#10;    throw new io.cucumber.java.PendingException();&#10;}&#10;@When(&quot;user clicks first searching terms&quot;)&#10;public void userClicksFirstSearchingTerms() {&#10;    // Write code here that turns the phrase above into concrete actions&#10;    throw new io.cucumber.java.PendingException();&#10;}&#10;@Then(&quot;user is navigated to next login page&quot;)&#10;public void userIsNavigatedToNextLoginPage() {&#10;    // Write code here that turns the phrase above into concrete actions&#10;    throw new io.cucumber.java.PendingException();&#10;}&#10;" type="io.cucumber.junit.UndefinedStepException">io.cucumber.junit.UndefinedStepException: 
The step 'browser is open' and 4 other step(s) are undefined.
You can implement these steps using the snippet(s) below:

@Given("browser is open")
public void browserIsOpen() {
    // Write code here that turns the phrase above into concrete actions
    throw new io.cucumber.java.PendingException();
}
@Given("user is on the google page")
public void userIsOnTheGooglePage() {
    // Write code here that turns the phrase above into concrete actions
    throw new io.cucumber.java.PendingException();
}
@When("user enters a correct {string} in google search box")
public void userEntersACorrectInGoogleSearchBox(String string) {
    // Write code here that turns the phrase above into concrete actions
    throw new io.cucumber.java.PendingException();
}
@When("user clicks first searching terms")
public void userClicksFirstSearchingTerms() {
    // Write code here that turns the phrase above into concrete actions
    throw new io.cucumber.java.PendingException();
}
@Then("user is navigated to next login page")
public void userIsNavigatedToNextLoginPage() {
    // Write code here that turns the phrase above into concrete actions
    throw new io.cucumber.java.PendingException();
}

</error>
    <system-out><![CDATA[
Scenario Outline: Searching correct terms on google        &amp#27;[90m# src/test/resources/moviefeatures/googlesearch.feature:13&amp#27;[0m
  &amp#27;[33mGiven &amp#27;[0m&amp#27;[33mbrowser is open&amp#27;[0m
  &amp#27;[36mAnd &amp#27;[0m&amp#27;[36muser is on the google page&amp#27;[0m
  &amp#27;[36mWhen &amp#27;[0m&amp#27;[36muser enters a correct "sunntx" in google search box&amp#27;[0m
  &amp#27;[36mAnd &amp#27;[0m&amp#27;[36muser clicks first searching terms&amp#27;[0m
  &amp#27;[36mThen &amp#27;[0m&amp#27;[36muser is navigated to next login page&amp#27;[0m
]]></system-out>
  </testcase>
  <testcase name="Searching incorrect terms on google" classname="Google search functionality" time="0.009">
    <error message="The step &apos;browser is open&apos; and 3 other step(s) are undefined.&#10;You can implement these steps using the snippet(s) below:&#10;&#10;@Given(&quot;browser is open&quot;)&#10;public void browserIsOpen() {&#10;    // Write code here that turns the phrase above into concrete actions&#10;    throw new io.cucumber.java.PendingException();&#10;}&#10;@Given(&quot;user is on the google page&quot;)&#10;public void userIsOnTheGooglePage() {&#10;    // Write code here that turns the phrase above into concrete actions&#10;    throw new io.cucumber.java.PendingException();&#10;}&#10;@When(&quot;user enters an incorrect {string} in google search box&quot;)&#10;public void userEntersAnIncorrectInGoogleSearchBox(String string) {&#10;    // Write code here that turns the phrase above into concrete actions&#10;    throw new io.cucumber.java.PendingException();&#10;}&#10;@Then(&quot;no result should be displayed&quot;)&#10;public void noResultShouldBeDisplayed() {&#10;    // Write code here that turns the phrase above into concrete actions&#10;    throw new io.cucumber.java.PendingException();&#10;}&#10;" type="io.cucumber.junit.UndefinedStepException">io.cucumber.junit.UndefinedStepException: 
The step 'browser is open' and 3 other step(s) are undefined.
You can implement these steps using the snippet(s) below:

@Given("browser is open")
public void browserIsOpen() {
    // Write code here that turns the phrase above into concrete actions
    throw new io.cucumber.java.PendingException();
}
@Given("user is on the google page")
public void userIsOnTheGooglePage() {
    // Write code here that turns the phrase above into concrete actions
    throw new io.cucumber.java.PendingException();
}
@When("user enters an incorrect {string} in google search box")
public void userEntersAnIncorrectInGoogleSearchBox(String string) {
    // Write code here that turns the phrase above into concrete actions
    throw new io.cucumber.java.PendingException();
}
@Then("no result should be displayed")
public void noResultShouldBeDisplayed() {
    // Write code here that turns the phrase above into concrete actions
    throw new io.cucumber.java.PendingException();
}

</error>
    <system-out><![CDATA[
Scenario Outline: Searching incorrect terms on google             &amp#27;[90m# src/test/resources/moviefeatures/googlesearch.feature:22&amp#27;[0m
  &amp#27;[33mGiven &amp#27;[0m&amp#27;[33mbrowser is open&amp#27;[0m
  &amp#27;[36mAnd &amp#27;[0m&amp#27;[36muser is on the google page&amp#27;[0m
  &amp#27;[36mWhen &amp#27;[0m&amp#27;[36muser enters an incorrect "sundfghjkl" in google search box&amp#27;[0m
  &amp#27;[36mThen &amp#27;[0m&amp#27;[36mno result should be displayed&amp#27;[0m
]]></system-out>
  </testcase>
</testsuite>